11:42:05,711 (AWT-EventQueue-0) INFO  [uniandes.isis2304.parranderos.negocio.Parranderos] - Limpiando la BD de Parranderos
11:42:05,809 (AWT-EventQueue-0) INFO  [uniandes.isis2304.parranderos.persistencia.PersistenciaParranderos] - Borrada la base de datos
11:42:05,810 (AWT-EventQueue-0) INFO  [uniandes.isis2304.parranderos.negocio.Parranderos] - Limpiando la BD de Parranderos: Listo!
13:45:17,422 (main) INFO  [uniandes.isis2304.parranderos.interfazApp.InterfazParranderosApp] - Se encontró un archivo de configuración válido: Interfaz
13:45:17,422 (main) INFO  [uniandes.isis2304.parranderos.interfazApp.InterfazParranderosApp] - Se aplica configuración indicada en el archivo de configuración
13:45:17,436 (main) INFO  [uniandes.isis2304.parranderos.interfazApp.InterfazParranderosApp] - Se encontró un archivo de configuración válido: Tablas BD
13:46:01,572 (main) INFO  [uniandes.isis2304.parranderos.interfazApp.InterfazParranderosApp] - Se encontró un archivo de configuración válido: Interfaz
13:46:01,572 (main) INFO  [uniandes.isis2304.parranderos.interfazApp.InterfazParranderosApp] - Se aplica configuración indicada en el archivo de configuración
13:46:01,584 (main) INFO  [uniandes.isis2304.parranderos.interfazApp.InterfazParranderosApp] - Se encontró un archivo de configuración válido: Tablas BD
14:59:22,838 (main) INFO  [uniandes.isis2304.parranderos.interfazDemo.InterfazParranderosDemo] - Se encontró un archivo de configuración válido: Interfaz
14:59:22,838 (main) INFO  [uniandes.isis2304.parranderos.interfazDemo.InterfazParranderosDemo] - Se aplica configuración indicada en el archivo de configuración
14:59:22,849 (main) INFO  [uniandes.isis2304.parranderos.interfazDemo.InterfazParranderosDemo] - Se encontró un archivo de configuración válido: Tablas BD
15:21:02,516 (main) INFO  [uniandes.isis2304.parranderos.test.ConexionTest] - Probando el acceso a la base de datos con datos de usuario correctos, pero sin crear el esquema
15:21:02,547 (main) INFO  [uniandes.isis2304.parranderos.test.ConexionTest] - Se encontró un archivo de configuración de tablas válido
15:21:18,641 (main) INFO  [uniandes.isis2304.parranderos.test.ConexionTest] - Probando el acceso a la base de datos con datos de usuario correctos, pero sin crear el esquema
15:21:18,669 (main) INFO  [uniandes.isis2304.parranderos.test.ConexionTest] - Se encontró un archivo de configuración de tablas válido
15:21:24,781 (main) INFO  [uniandes.isis2304.parranderos.test.ConexionTest] - Probando el acceso a la base de datos con una base de datos que no existe
15:21:24,812 (main) INFO  [uniandes.isis2304.parranderos.test.ConexionTest] - Se encontró un archivo de configuración de tablas válido
15:21:46,287 (main) INFO  [uniandes.isis2304.parranderos.test.ConexionTest] - Prueba de tabla inexistente incompleta. No se pudo conectar a la base de datos !!. La excepción generada es: javax.jdo.JDOFatalUserException
15:21:46,288 (main) INFO  [uniandes.isis2304.parranderos.test.ConexionTest] - La causa es: javax.jdo.JDOFatalDataStoreException: Error de E/S: The Network Adapter could not establish the connection
NestedThrowables:
java.sql.SQLRecoverableException: Error de E/S: The Network Adapter could not establish the connection
15:21:46,289 (main) INFO  [uniandes.isis2304.parranderos.test.ConexionTest] - Probando el acceso a la base de datos con una base de datos que no existe
15:21:46,290 (main) INFO  [uniandes.isis2304.parranderos.test.ConexionTest] - Se encontró un archivo de configuración de tablas válido
15:21:58,218 (main) INFO  [uniandes.isis2304.parranderos.test.ConexionTest] - Probando el acceso a la base de datos con datos de usuario correctos, pero sin crear el esquema
15:21:58,246 (main) INFO  [uniandes.isis2304.parranderos.test.ConexionTest] - Se encontró un archivo de configuración de tablas válido
15:22:01,094 (main) INFO  [uniandes.isis2304.parranderos.test.ConexionTest] - Prueba de tabla inexistente incompleta. No se pudo conectar a la base de datos !!. La excepción generada es: javax.jdo.JDOFatalUserException
15:22:01,094 (main) INFO  [uniandes.isis2304.parranderos.test.ConexionTest] - La causa es: javax.jdo.JDOFatalDataStoreException: Error de E/S: The Network Adapter could not establish the connection
NestedThrowables:
java.sql.SQLRecoverableException: Error de E/S: The Network Adapter could not establish the connection
15:22:01,097 (main) INFO  [uniandes.isis2304.parranderos.test.ConexionTest] - Probando el acceso a la base de datos con una base de datos que no existe
15:22:01,097 (main) INFO  [uniandes.isis2304.parranderos.test.ConexionTest] - Se encontró un archivo de configuración de tablas válido
15:22:05,531 (main) INFO  [uniandes.isis2304.parranderos.test.ConexionTest] - Probando el acceso a la base de datos con una base de datos que no existe
15:22:05,560 (main) INFO  [uniandes.isis2304.parranderos.test.ConexionTest] - Se encontró un archivo de configuración de tablas válido
15:22:07,224 (main) INFO  [uniandes.isis2304.parranderos.test.ConexionTest] - Prueba realizada exitosamente. La excepción generada es: javax.jdo.JDOFatalUserException
15:22:07,224 (main) INFO  [uniandes.isis2304.parranderos.test.ConexionTest] - La causa es: javax.jdo.JDOFatalDataStoreException: Error de E/S: The Network Adapter could not establish the connection
NestedThrowables:
java.sql.SQLRecoverableException: Error de E/S: The Network Adapter could not establish the connection
15:22:19,647 (main) INFO  [uniandes.isis2304.parranderos.test.ConexionTest] - Probando el acceso a la base de datos con datos de usuario correctos, pero sin crear el esquema
15:22:19,676 (main) INFO  [uniandes.isis2304.parranderos.test.ConexionTest] - Se encontró un archivo de configuración de tablas válido
15:22:28,320 (main) INFO  [uniandes.isis2304.parranderos.test.ConexionTest] - Prueba realizada exitosamente. La excepción generada es: javax.jdo.JDOFatalUserException
15:22:28,320 (main) INFO  [uniandes.isis2304.parranderos.test.ConexionTest] - La causa es: javax.jdo.JDOFatalDataStoreException: Error de E/S: The Network Adapter could not establish the connection
NestedThrowables:
java.sql.SQLRecoverableException: Error de E/S: The Network Adapter could not establish the connection
15:22:28,320 (main) INFO  [uniandes.isis2304.parranderos.test.ConexionTest] - Probando el acceso a la base de datos con datos de usuario incorrectos
15:22:28,321 (main) INFO  [uniandes.isis2304.parranderos.test.ConexionTest] - Se encontró un archivo de configuración de tablas válido
15:22:36,291 (main) INFO  [uniandes.isis2304.parranderos.test.ConexionTest] - Probando el acceso a la base de datos con datos de usuario correctos, pero sin crear el esquema
15:22:36,319 (main) INFO  [uniandes.isis2304.parranderos.test.ConexionTest] - Se encontró un archivo de configuración de tablas válido
15:22:40,646 (main) INFO  [uniandes.isis2304.parranderos.test.ConexionTest] - Prueba de tabla inexistente incompleta. No se pudo conectar a la base de datos !!. La excepción generada es: javax.jdo.JDOFatalUserException
15:22:40,646 (main) INFO  [uniandes.isis2304.parranderos.test.ConexionTest] - La causa es: javax.jdo.JDOFatalDataStoreException: Error de E/S: The Network Adapter could not establish the connection
NestedThrowables:
java.sql.SQLRecoverableException: Error de E/S: The Network Adapter could not establish the connection
15:22:40,648 (main) INFO  [uniandes.isis2304.parranderos.test.ConexionTest] - Probando el acceso a la base de datos con una base de datos que no existe
15:22:40,648 (main) INFO  [uniandes.isis2304.parranderos.test.ConexionTest] - Se encontró un archivo de configuración de tablas válido
15:22:42,741 (main) INFO  [uniandes.isis2304.parranderos.test.TipoBebidaTest] - Probando la restricción de UNICIDAD del nombre del tipo de bebida
15:22:42,770 (main) INFO  [uniandes.isis2304.parranderos.test.TipoBebidaTest] - Se encontró un archivo de configuración de tablas válido
15:22:43,140 (main) INFO  [uniandes.isis2304.parranderos.test.ConexionTest] - Prueba realizada exitosamente. La excepción generada es: javax.jdo.JDOFatalUserException
15:22:43,140 (main) INFO  [uniandes.isis2304.parranderos.test.ConexionTest] - La causa es: javax.jdo.JDOFatalDataStoreException: Error de E/S: The Network Adapter could not establish the connection
NestedThrowables:
java.sql.SQLRecoverableException: Error de E/S: The Network Adapter could not establish the connection
15:22:43,140 (main) INFO  [uniandes.isis2304.parranderos.test.ConexionTest] - Probando el acceso a la base de datos con datos de usuario incorrectos
15:22:43,140 (main) INFO  [uniandes.isis2304.parranderos.test.ConexionTest] - Se encontró un archivo de configuración de tablas válido
15:22:48,378 (main) INFO  [uniandes.isis2304.parranderos.test.ConexionTest] - Prueba realizada exitosamente. La excepción generada es: javax.jdo.JDOFatalUserException
15:22:48,378 (main) INFO  [uniandes.isis2304.parranderos.test.ConexionTest] - La causa es: javax.jdo.JDOFatalDataStoreException: Error de E/S: The Network Adapter could not establish the connection
NestedThrowables:
java.sql.SQLRecoverableException: Error de E/S: The Network Adapter could not establish the connection
15:22:59,132 (main) INFO  [uniandes.isis2304.parranderos.test.TipoBebidaTest] - Probando la restricción de UNICIDAD del nombre del tipo de bebida
15:22:59,161 (main) INFO  [uniandes.isis2304.parranderos.test.TipoBebidaTest] - Se encontró un archivo de configuración de tablas válido
15:23:02,096 (main) INFO  [uniandes.isis2304.parranderos.test.ConexionTest] - Prueba de tabla inexistente incompleta. No se pudo conectar a la base de datos !!. La excepción generada es: javax.jdo.JDOFatalUserException
15:23:02,096 (main) INFO  [uniandes.isis2304.parranderos.test.ConexionTest] - La causa es: javax.jdo.JDOFatalDataStoreException: Error de E/S: The Network Adapter could not establish the connection
NestedThrowables:
java.sql.SQLRecoverableException: Error de E/S: The Network Adapter could not establish the connection
15:23:02,098 (main) INFO  [uniandes.isis2304.parranderos.test.ConexionTest] - Probando el acceso a la base de datos con una base de datos que no existe
15:23:02,098 (main) INFO  [uniandes.isis2304.parranderos.test.ConexionTest] - Se encontró un archivo de configuración de tablas válido
15:23:10,352 (main) INFO  [uniandes.isis2304.parranderos.test.ConexionTest] - Prueba realizada exitosamente. La excepción generada es: javax.jdo.JDOFatalUserException
15:23:10,353 (main) INFO  [uniandes.isis2304.parranderos.test.ConexionTest] - La causa es: javax.jdo.JDOFatalDataStoreException: Error de E/S: The Network Adapter could not establish the connection
NestedThrowables:
java.sql.SQLRecoverableException: Error de E/S: The Network Adapter could not establish the connection
15:23:10,353 (main) INFO  [uniandes.isis2304.parranderos.test.ConexionTest] - Probando el acceso a la base de datos con datos válidos (BD, credenciales, esquema
15:23:10,354 (main) INFO  [uniandes.isis2304.parranderos.test.ConexionTest] - Se encontró un archivo de configuración de tablas válido
15:23:18,734 (main) INFO  [uniandes.isis2304.parranderos.test.ConexionTest] - Prueba de tabla inexistente incompleta. No se pudo conectar a la base de datos !!. La excepción generada es: javax.jdo.JDOFatalUserException
15:23:18,734 (main) INFO  [uniandes.isis2304.parranderos.test.ConexionTest] - La causa es: javax.jdo.JDOFatalDataStoreException: Error de E/S: The Network Adapter could not establish the connection
NestedThrowables:
java.sql.SQLRecoverableException: Error de E/S: The Network Adapter could not establish the connection
15:23:18,737 (main) INFO  [uniandes.isis2304.parranderos.test.ConexionTest] - Probando el acceso a la base de datos con una base de datos que no existe
15:23:18,738 (main) INFO  [uniandes.isis2304.parranderos.test.ConexionTest] - Se encontró un archivo de configuración de tablas válido
15:23:22,677 (main) INFO  [uniandes.isis2304.parranderos.test.ConexionTest] - Prueba realizada exitosamente. La excepción generada es: javax.jdo.JDOFatalUserException
15:23:22,677 (main) INFO  [uniandes.isis2304.parranderos.test.ConexionTest] - La causa es: javax.jdo.JDOFatalDataStoreException: Error de E/S: The Network Adapter could not establish the connection
NestedThrowables:
java.sql.SQLRecoverableException: Error de E/S: The Network Adapter could not establish the connection
15:23:22,677 (main) INFO  [uniandes.isis2304.parranderos.test.ConexionTest] - Probando el acceso a la base de datos con datos de usuario incorrectos
15:23:22,678 (main) INFO  [uniandes.isis2304.parranderos.test.ConexionTest] - Se encontró un archivo de configuración de tablas válido
15:23:25,167 (main) INFO  [uniandes.isis2304.parranderos.test.ConexionTest] - Prueba realizada exitosamente. La excepción generada es: javax.jdo.JDOFatalUserException
15:23:25,167 (main) INFO  [uniandes.isis2304.parranderos.test.ConexionTest] - La causa es: javax.jdo.JDOFatalDataStoreException: Error de E/S: The Network Adapter could not establish the connection
NestedThrowables:
java.sql.SQLRecoverableException: Error de E/S: The Network Adapter could not establish the connection
15:23:25,168 (main) INFO  [uniandes.isis2304.parranderos.test.ConexionTest] - Probando el acceso a la base de datos con datos válidos (BD, credenciales, esquema
15:23:25,168 (main) INFO  [uniandes.isis2304.parranderos.test.ConexionTest] - Se encontró un archivo de configuración de tablas válido
15:23:25,176 (main) INFO  [uniandes.isis2304.parranderos.test.TipoBebidaTest] - Prueba de UNICIDAD de Tipobebida incompleta. No se pudo conectar a la base de datos !!. La excepción generada es: javax.jdo.JDOFatalUserException
15:23:25,177 (main) INFO  [uniandes.isis2304.parranderos.test.TipoBebidaTest] - La causa es: javax.jdo.JDOFatalDataStoreException: Error de E/S: The Network Adapter could not establish the connection
NestedThrowables:
java.sql.SQLRecoverableException: Error de E/S: The Network Adapter could not establish the connection
15:23:25,178 (main) INFO  [uniandes.isis2304.parranderos.test.TipoBebidaTest] - Probando las operaciones CRD sobre TipoBebida
15:23:25,179 (main) INFO  [uniandes.isis2304.parranderos.test.TipoBebidaTest] - Se encontró un archivo de configuración de tablas válido
15:23:41,584 (main) INFO  [uniandes.isis2304.parranderos.test.TipoBebidaTest] - Prueba de UNICIDAD de Tipobebida incompleta. No se pudo conectar a la base de datos !!. La excepción generada es: javax.jdo.JDOFatalUserException
15:23:41,584 (main) INFO  [uniandes.isis2304.parranderos.test.TipoBebidaTest] - La causa es: javax.jdo.JDOFatalDataStoreException: Error de E/S: The Network Adapter could not establish the connection
NestedThrowables:
java.sql.SQLRecoverableException: Error de E/S: The Network Adapter could not establish the connection
15:23:41,586 (main) INFO  [uniandes.isis2304.parranderos.test.TipoBebidaTest] - Probando las operaciones CRD sobre TipoBebida
15:23:41,586 (main) INFO  [uniandes.isis2304.parranderos.test.TipoBebidaTest] - Se encontró un archivo de configuración de tablas válido
15:23:44,132 (main) INFO  [uniandes.isis2304.parranderos.test.ConexionTest] - Prueba realizada exitosamente. La excepción generada es: javax.jdo.JDOFatalUserException
15:23:44,132 (main) INFO  [uniandes.isis2304.parranderos.test.ConexionTest] - La causa es: javax.jdo.JDOFatalDataStoreException: Error de E/S: The Network Adapter could not establish the connection
NestedThrowables:
java.sql.SQLRecoverableException: Error de E/S: The Network Adapter could not establish the connection
15:23:44,132 (main) INFO  [uniandes.isis2304.parranderos.test.ConexionTest] - Probando el acceso a la base de datos con datos de usuario incorrectos
15:23:44,132 (main) INFO  [uniandes.isis2304.parranderos.test.ConexionTest] - Se encontró un archivo de configuración de tablas válido
15:23:52,432 (main) INFO  [uniandes.isis2304.parranderos.test.ConexionTest] - Prueba de acceso normal FALLÓ !!. La excepción generada es: javax.jdo.JDOFatalUserException
15:23:52,432 (main) INFO  [uniandes.isis2304.parranderos.test.ConexionTest] - La causa es: javax.jdo.JDOFatalDataStoreException: Error de E/S: The Network Adapter could not establish the connection
NestedThrowables:
java.sql.SQLRecoverableException: Error de E/S: The Network Adapter could not establish the connection
15:24:00,780 (main) INFO  [uniandes.isis2304.parranderos.test.ConexionTest] - Prueba realizada exitosamente. La excepción generada es: javax.jdo.JDOFatalUserException
15:24:00,780 (main) INFO  [uniandes.isis2304.parranderos.test.ConexionTest] - La causa es: javax.jdo.JDOFatalDataStoreException: Error de E/S: The Network Adapter could not establish the connection
NestedThrowables:
java.sql.SQLRecoverableException: Error de E/S: The Network Adapter could not establish the connection
15:24:00,780 (main) INFO  [uniandes.isis2304.parranderos.test.ConexionTest] - Probando el acceso a la base de datos con datos de usuario incorrectos
15:24:00,780 (main) INFO  [uniandes.isis2304.parranderos.test.ConexionTest] - Se encontró un archivo de configuración de tablas válido
15:24:04,701 (main) INFO  [uniandes.isis2304.parranderos.test.ConexionTest] - Prueba realizada exitosamente. La excepción generada es: javax.jdo.JDOFatalUserException
15:24:04,701 (main) INFO  [uniandes.isis2304.parranderos.test.ConexionTest] - La causa es: javax.jdo.JDOFatalDataStoreException: Error de E/S: The Network Adapter could not establish the connection
NestedThrowables:
java.sql.SQLRecoverableException: Error de E/S: The Network Adapter could not establish the connection
15:24:04,702 (main) INFO  [uniandes.isis2304.parranderos.test.ConexionTest] - Probando el acceso a la base de datos con datos válidos (BD, credenciales, esquema
15:24:04,702 (main) INFO  [uniandes.isis2304.parranderos.test.ConexionTest] - Se encontró un archivo de configuración de tablas válido
15:24:07,191 (main) INFO  [uniandes.isis2304.parranderos.test.ConexionTest] - Prueba de acceso normal FALLÓ !!. La excepción generada es: javax.jdo.JDOFatalUserException
15:24:07,192 (main) INFO  [uniandes.isis2304.parranderos.test.ConexionTest] - La causa es: javax.jdo.JDOFatalDataStoreException: Error de E/S: The Network Adapter could not establish the connection
NestedThrowables:
java.sql.SQLRecoverableException: Error de E/S: The Network Adapter could not establish the connection
15:24:07,206 (main) INFO  [uniandes.isis2304.parranderos.test.TipoBebidaTest] - Prueba de CRD de Tipobebida incompleta. No se pudo conectar a la base de datos !!. La excepción generada es: javax.jdo.JDOFatalUserException
15:24:07,206 (main) INFO  [uniandes.isis2304.parranderos.test.TipoBebidaTest] - La causa es: javax.jdo.JDOFatalDataStoreException: Error de E/S: The Network Adapter could not establish the connection
NestedThrowables:
java.sql.SQLRecoverableException: Error de E/S: The Network Adapter could not establish the connection
15:24:23,616 (main) INFO  [uniandes.isis2304.parranderos.test.TipoBebidaTest] - Prueba de CRD de Tipobebida incompleta. No se pudo conectar a la base de datos !!. La excepción generada es: javax.jdo.JDOFatalUserException
15:24:23,616 (main) INFO  [uniandes.isis2304.parranderos.test.TipoBebidaTest] - La causa es: javax.jdo.JDOFatalDataStoreException: Error de E/S: The Network Adapter could not establish the connection
NestedThrowables:
java.sql.SQLRecoverableException: Error de E/S: The Network Adapter could not establish the connection
15:24:23,616 (main) INFO  [uniandes.isis2304.parranderos.test.ConexionTest] - Probando el acceso a la base de datos con datos de usuario correctos, pero sin crear el esquema
15:24:23,617 (main) INFO  [uniandes.isis2304.parranderos.test.ConexionTest] - Se encontró un archivo de configuración de tablas válido
15:24:26,161 (main) INFO  [uniandes.isis2304.parranderos.test.ConexionTest] - Prueba realizada exitosamente. La excepción generada es: javax.jdo.JDOFatalUserException
15:24:26,161 (main) INFO  [uniandes.isis2304.parranderos.test.ConexionTest] - La causa es: javax.jdo.JDOFatalDataStoreException: Error de E/S: The Network Adapter could not establish the connection
NestedThrowables:
java.sql.SQLRecoverableException: Error de E/S: The Network Adapter could not establish the connection
15:24:26,161 (main) INFO  [uniandes.isis2304.parranderos.test.ConexionTest] - Probando el acceso a la base de datos con datos válidos (BD, credenciales, esquema
15:24:26,161 (main) INFO  [uniandes.isis2304.parranderos.test.ConexionTest] - Se encontró un archivo de configuración de tablas válido
15:24:42,810 (main) INFO  [uniandes.isis2304.parranderos.test.ConexionTest] - Prueba realizada exitosamente. La excepción generada es: javax.jdo.JDOFatalUserException
15:24:42,810 (main) INFO  [uniandes.isis2304.parranderos.test.ConexionTest] - La causa es: javax.jdo.JDOFatalDataStoreException: Error de E/S: The Network Adapter could not establish the connection
NestedThrowables:
java.sql.SQLRecoverableException: Error de E/S: The Network Adapter could not establish the connection
15:24:42,810 (main) INFO  [uniandes.isis2304.parranderos.test.ConexionTest] - Probando el acceso a la base de datos con datos válidos (BD, credenciales, esquema
15:24:42,810 (main) INFO  [uniandes.isis2304.parranderos.test.ConexionTest] - Se encontró un archivo de configuración de tablas válido
15:24:46,727 (main) INFO  [uniandes.isis2304.parranderos.test.ConexionTest] - Prueba de acceso normal FALLÓ !!. La excepción generada es: javax.jdo.JDOFatalUserException
15:24:46,727 (main) INFO  [uniandes.isis2304.parranderos.test.ConexionTest] - La causa es: javax.jdo.JDOFatalDataStoreException: Error de E/S: The Network Adapter could not establish the connection
NestedThrowables:
java.sql.SQLRecoverableException: Error de E/S: The Network Adapter could not establish the connection
15:25:05,659 (main) INFO  [uniandes.isis2304.parranderos.test.ConexionTest] - Prueba de tabla inexistente incompleta. No se pudo conectar a la base de datos !!. La excepción generada es: javax.jdo.JDOFatalUserException
15:25:05,660 (main) INFO  [uniandes.isis2304.parranderos.test.ConexionTest] - La causa es: javax.jdo.JDOFatalDataStoreException: Error de E/S: The Network Adapter could not establish the connection
NestedThrowables:
java.sql.SQLRecoverableException: Error de E/S: The Network Adapter could not establish the connection
15:25:08,186 (main) INFO  [uniandes.isis2304.parranderos.test.ConexionTest] - Prueba de acceso normal FALLÓ !!. La excepción generada es: javax.jdo.JDOFatalUserException
15:25:08,186 (main) INFO  [uniandes.isis2304.parranderos.test.ConexionTest] - La causa es: javax.jdo.JDOFatalDataStoreException: Error de E/S: The Network Adapter could not establish the connection
NestedThrowables:
java.sql.SQLRecoverableException: Error de E/S: The Network Adapter could not establish the connection
15:25:24,836 (main) INFO  [uniandes.isis2304.parranderos.test.ConexionTest] - Prueba de acceso normal FALLÓ !!. La excepción generada es: javax.jdo.JDOFatalUserException
15:25:24,836 (main) INFO  [uniandes.isis2304.parranderos.test.ConexionTest] - La causa es: javax.jdo.JDOFatalDataStoreException: Error de E/S: The Network Adapter could not establish the connection
NestedThrowables:
java.sql.SQLRecoverableException: Error de E/S: The Network Adapter could not establish the connection
15:26:59,015 (main) INFO  [uniandes.isis2304.parranderos.test.TipoBebidaTest] - Probando la restricción de UNICIDAD del nombre del tipo de bebida
15:26:59,044 (main) INFO  [uniandes.isis2304.parranderos.test.TipoBebidaTest] - Se encontró un archivo de configuración de tablas válido
15:27:41,515 (main) INFO  [uniandes.isis2304.parranderos.test.TipoBebidaTest] - Prueba de UNICIDAD de Tipobebida incompleta. No se pudo conectar a la base de datos !!. La excepción generada es: javax.jdo.JDOFatalUserException
15:27:41,515 (main) INFO  [uniandes.isis2304.parranderos.test.TipoBebidaTest] - La causa es: javax.jdo.JDOFatalDataStoreException: Error de E/S: The Network Adapter could not establish the connection
NestedThrowables:
java.sql.SQLRecoverableException: Error de E/S: The Network Adapter could not establish the connection
