11:42:05,711 (AWT-EventQueue-0) INFO  [uniandes.isis2304.parranderos.negocio.Parranderos] - Limpiando la BD de Parranderos
11:42:05,809 (AWT-EventQueue-0) INFO  [uniandes.isis2304.parranderos.persistencia.PersistenciaParranderos] - Borrada la base de datos
11:42:05,810 (AWT-EventQueue-0) INFO  [uniandes.isis2304.parranderos.negocio.Parranderos] - Limpiando la BD de Parranderos: Listo!
13:45:17,422 (main) INFO  [uniandes.isis2304.parranderos.interfazApp.InterfazParranderosApp] - Se encontró un archivo de configuración válido: Interfaz
13:45:17,422 (main) INFO  [uniandes.isis2304.parranderos.interfazApp.InterfazParranderosApp] - Se aplica configuración indicada en el archivo de configuración
13:45:17,436 (main) INFO  [uniandes.isis2304.parranderos.interfazApp.InterfazParranderosApp] - Se encontró un archivo de configuración válido: Tablas BD
13:46:01,572 (main) INFO  [uniandes.isis2304.parranderos.interfazApp.InterfazParranderosApp] - Se encontró un archivo de configuración válido: Interfaz
13:46:01,572 (main) INFO  [uniandes.isis2304.parranderos.interfazApp.InterfazParranderosApp] - Se aplica configuración indicada en el archivo de configuración
13:46:01,584 (main) INFO  [uniandes.isis2304.parranderos.interfazApp.InterfazParranderosApp] - Se encontró un archivo de configuración válido: Tablas BD
14:59:22,838 (main) INFO  [uniandes.isis2304.parranderos.interfazDemo.InterfazParranderosDemo] - Se encontró un archivo de configuración válido: Interfaz
14:59:22,838 (main) INFO  [uniandes.isis2304.parranderos.interfazDemo.InterfazParranderosDemo] - Se aplica configuración indicada en el archivo de configuración
14:59:22,849 (main) INFO  [uniandes.isis2304.parranderos.interfazDemo.InterfazParranderosDemo] - Se encontró un archivo de configuración válido: Tablas BD
15:21:02,516 (main) INFO  [uniandes.isis2304.parranderos.test.ConexionTest] - Probando el acceso a la base de datos con datos de usuario correctos, pero sin crear el esquema
15:21:02,547 (main) INFO  [uniandes.isis2304.parranderos.test.ConexionTest] - Se encontró un archivo de configuración de tablas válido
15:21:18,641 (main) INFO  [uniandes.isis2304.parranderos.test.ConexionTest] - Probando el acceso a la base de datos con datos de usuario correctos, pero sin crear el esquema
15:21:18,669 (main) INFO  [uniandes.isis2304.parranderos.test.ConexionTest] - Se encontró un archivo de configuración de tablas válido
15:21:24,781 (main) INFO  [uniandes.isis2304.parranderos.test.ConexionTest] - Probando el acceso a la base de datos con una base de datos que no existe
15:21:24,812 (main) INFO  [uniandes.isis2304.parranderos.test.ConexionTest] - Se encontró un archivo de configuración de tablas válido
15:21:46,287 (main) INFO  [uniandes.isis2304.parranderos.test.ConexionTest] - Prueba de tabla inexistente incompleta. No se pudo conectar a la base de datos !!. La excepción generada es: javax.jdo.JDOFatalUserException
15:21:46,288 (main) INFO  [uniandes.isis2304.parranderos.test.ConexionTest] - La causa es: javax.jdo.JDOFatalDataStoreException: Error de E/S: The Network Adapter could not establish the connection
NestedThrowables:
java.sql.SQLRecoverableException: Error de E/S: The Network Adapter could not establish the connection
15:21:46,289 (main) INFO  [uniandes.isis2304.parranderos.test.ConexionTest] - Probando el acceso a la base de datos con una base de datos que no existe
15:21:46,290 (main) INFO  [uniandes.isis2304.parranderos.test.ConexionTest] - Se encontró un archivo de configuración de tablas válido
15:21:58,218 (main) INFO  [uniandes.isis2304.parranderos.test.ConexionTest] - Probando el acceso a la base de datos con datos de usuario correctos, pero sin crear el esquema
15:21:58,246 (main) INFO  [uniandes.isis2304.parranderos.test.ConexionTest] - Se encontró un archivo de configuración de tablas válido
15:22:01,094 (main) INFO  [uniandes.isis2304.parranderos.test.ConexionTest] - Prueba de tabla inexistente incompleta. No se pudo conectar a la base de datos !!. La excepción generada es: javax.jdo.JDOFatalUserException
15:22:01,094 (main) INFO  [uniandes.isis2304.parranderos.test.ConexionTest] - La causa es: javax.jdo.JDOFatalDataStoreException: Error de E/S: The Network Adapter could not establish the connection
NestedThrowables:
java.sql.SQLRecoverableException: Error de E/S: The Network Adapter could not establish the connection
15:22:01,097 (main) INFO  [uniandes.isis2304.parranderos.test.ConexionTest] - Probando el acceso a la base de datos con una base de datos que no existe
15:22:01,097 (main) INFO  [uniandes.isis2304.parranderos.test.ConexionTest] - Se encontró un archivo de configuración de tablas válido
15:22:05,531 (main) INFO  [uniandes.isis2304.parranderos.test.ConexionTest] - Probando el acceso a la base de datos con una base de datos que no existe
15:22:05,560 (main) INFO  [uniandes.isis2304.parranderos.test.ConexionTest] - Se encontró un archivo de configuración de tablas válido
15:22:07,224 (main) INFO  [uniandes.isis2304.parranderos.test.ConexionTest] - Prueba realizada exitosamente. La excepción generada es: javax.jdo.JDOFatalUserException
15:22:07,224 (main) INFO  [uniandes.isis2304.parranderos.test.ConexionTest] - La causa es: javax.jdo.JDOFatalDataStoreException: Error de E/S: The Network Adapter could not establish the connection
NestedThrowables:
java.sql.SQLRecoverableException: Error de E/S: The Network Adapter could not establish the connection
15:22:19,647 (main) INFO  [uniandes.isis2304.parranderos.test.ConexionTest] - Probando el acceso a la base de datos con datos de usuario correctos, pero sin crear el esquema
15:22:19,676 (main) INFO  [uniandes.isis2304.parranderos.test.ConexionTest] - Se encontró un archivo de configuración de tablas válido
15:22:28,320 (main) INFO  [uniandes.isis2304.parranderos.test.ConexionTest] - Prueba realizada exitosamente. La excepción generada es: javax.jdo.JDOFatalUserException
15:22:28,320 (main) INFO  [uniandes.isis2304.parranderos.test.ConexionTest] - La causa es: javax.jdo.JDOFatalDataStoreException: Error de E/S: The Network Adapter could not establish the connection
NestedThrowables:
java.sql.SQLRecoverableException: Error de E/S: The Network Adapter could not establish the connection
15:22:28,320 (main) INFO  [uniandes.isis2304.parranderos.test.ConexionTest] - Probando el acceso a la base de datos con datos de usuario incorrectos
15:22:28,321 (main) INFO  [uniandes.isis2304.parranderos.test.ConexionTest] - Se encontró un archivo de configuración de tablas válido
15:22:36,291 (main) INFO  [uniandes.isis2304.parranderos.test.ConexionTest] - Probando el acceso a la base de datos con datos de usuario correctos, pero sin crear el esquema
15:22:36,319 (main) INFO  [uniandes.isis2304.parranderos.test.ConexionTest] - Se encontró un archivo de configuración de tablas válido
15:22:40,646 (main) INFO  [uniandes.isis2304.parranderos.test.ConexionTest] - Prueba de tabla inexistente incompleta. No se pudo conectar a la base de datos !!. La excepción generada es: javax.jdo.JDOFatalUserException
15:22:40,646 (main) INFO  [uniandes.isis2304.parranderos.test.ConexionTest] - La causa es: javax.jdo.JDOFatalDataStoreException: Error de E/S: The Network Adapter could not establish the connection
NestedThrowables:
java.sql.SQLRecoverableException: Error de E/S: The Network Adapter could not establish the connection
15:22:40,648 (main) INFO  [uniandes.isis2304.parranderos.test.ConexionTest] - Probando el acceso a la base de datos con una base de datos que no existe
15:22:40,648 (main) INFO  [uniandes.isis2304.parranderos.test.ConexionTest] - Se encontró un archivo de configuración de tablas válido
15:22:42,741 (main) INFO  [uniandes.isis2304.parranderos.test.TipoBebidaTest] - Probando la restricción de UNICIDAD del nombre del tipo de bebida
15:22:42,770 (main) INFO  [uniandes.isis2304.parranderos.test.TipoBebidaTest] - Se encontró un archivo de configuración de tablas válido
15:22:43,140 (main) INFO  [uniandes.isis2304.parranderos.test.ConexionTest] - Prueba realizada exitosamente. La excepción generada es: javax.jdo.JDOFatalUserException
15:22:43,140 (main) INFO  [uniandes.isis2304.parranderos.test.ConexionTest] - La causa es: javax.jdo.JDOFatalDataStoreException: Error de E/S: The Network Adapter could not establish the connection
NestedThrowables:
java.sql.SQLRecoverableException: Error de E/S: The Network Adapter could not establish the connection
15:22:43,140 (main) INFO  [uniandes.isis2304.parranderos.test.ConexionTest] - Probando el acceso a la base de datos con datos de usuario incorrectos
15:22:43,140 (main) INFO  [uniandes.isis2304.parranderos.test.ConexionTest] - Se encontró un archivo de configuración de tablas válido
15:22:48,378 (main) INFO  [uniandes.isis2304.parranderos.test.ConexionTest] - Prueba realizada exitosamente. La excepción generada es: javax.jdo.JDOFatalUserException
15:22:48,378 (main) INFO  [uniandes.isis2304.parranderos.test.ConexionTest] - La causa es: javax.jdo.JDOFatalDataStoreException: Error de E/S: The Network Adapter could not establish the connection
NestedThrowables:
java.sql.SQLRecoverableException: Error de E/S: The Network Adapter could not establish the connection
15:22:59,132 (main) INFO  [uniandes.isis2304.parranderos.test.TipoBebidaTest] - Probando la restricción de UNICIDAD del nombre del tipo de bebida
15:22:59,161 (main) INFO  [uniandes.isis2304.parranderos.test.TipoBebidaTest] - Se encontró un archivo de configuración de tablas válido
15:23:02,096 (main) INFO  [uniandes.isis2304.parranderos.test.ConexionTest] - Prueba de tabla inexistente incompleta. No se pudo conectar a la base de datos !!. La excepción generada es: javax.jdo.JDOFatalUserException
15:23:02,096 (main) INFO  [uniandes.isis2304.parranderos.test.ConexionTest] - La causa es: javax.jdo.JDOFatalDataStoreException: Error de E/S: The Network Adapter could not establish the connection
NestedThrowables:
java.sql.SQLRecoverableException: Error de E/S: The Network Adapter could not establish the connection
15:23:02,098 (main) INFO  [uniandes.isis2304.parranderos.test.ConexionTest] - Probando el acceso a la base de datos con una base de datos que no existe
15:23:02,098 (main) INFO  [uniandes.isis2304.parranderos.test.ConexionTest] - Se encontró un archivo de configuración de tablas válido
15:23:10,352 (main) INFO  [uniandes.isis2304.parranderos.test.ConexionTest] - Prueba realizada exitosamente. La excepción generada es: javax.jdo.JDOFatalUserException
15:23:10,353 (main) INFO  [uniandes.isis2304.parranderos.test.ConexionTest] - La causa es: javax.jdo.JDOFatalDataStoreException: Error de E/S: The Network Adapter could not establish the connection
NestedThrowables:
java.sql.SQLRecoverableException: Error de E/S: The Network Adapter could not establish the connection
15:23:10,353 (main) INFO  [uniandes.isis2304.parranderos.test.ConexionTest] - Probando el acceso a la base de datos con datos válidos (BD, credenciales, esquema
15:23:10,354 (main) INFO  [uniandes.isis2304.parranderos.test.ConexionTest] - Se encontró un archivo de configuración de tablas válido
15:23:18,734 (main) INFO  [uniandes.isis2304.parranderos.test.ConexionTest] - Prueba de tabla inexistente incompleta. No se pudo conectar a la base de datos !!. La excepción generada es: javax.jdo.JDOFatalUserException
15:23:18,734 (main) INFO  [uniandes.isis2304.parranderos.test.ConexionTest] - La causa es: javax.jdo.JDOFatalDataStoreException: Error de E/S: The Network Adapter could not establish the connection
NestedThrowables:
java.sql.SQLRecoverableException: Error de E/S: The Network Adapter could not establish the connection
15:23:18,737 (main) INFO  [uniandes.isis2304.parranderos.test.ConexionTest] - Probando el acceso a la base de datos con una base de datos que no existe
15:23:18,738 (main) INFO  [uniandes.isis2304.parranderos.test.ConexionTest] - Se encontró un archivo de configuración de tablas válido
15:23:22,677 (main) INFO  [uniandes.isis2304.parranderos.test.ConexionTest] - Prueba realizada exitosamente. La excepción generada es: javax.jdo.JDOFatalUserException
15:23:22,677 (main) INFO  [uniandes.isis2304.parranderos.test.ConexionTest] - La causa es: javax.jdo.JDOFatalDataStoreException: Error de E/S: The Network Adapter could not establish the connection
NestedThrowables:
java.sql.SQLRecoverableException: Error de E/S: The Network Adapter could not establish the connection
15:23:22,677 (main) INFO  [uniandes.isis2304.parranderos.test.ConexionTest] - Probando el acceso a la base de datos con datos de usuario incorrectos
15:23:22,678 (main) INFO  [uniandes.isis2304.parranderos.test.ConexionTest] - Se encontró un archivo de configuración de tablas válido
15:23:25,167 (main) INFO  [uniandes.isis2304.parranderos.test.ConexionTest] - Prueba realizada exitosamente. La excepción generada es: javax.jdo.JDOFatalUserException
15:23:25,167 (main) INFO  [uniandes.isis2304.parranderos.test.ConexionTest] - La causa es: javax.jdo.JDOFatalDataStoreException: Error de E/S: The Network Adapter could not establish the connection
NestedThrowables:
java.sql.SQLRecoverableException: Error de E/S: The Network Adapter could not establish the connection
15:23:25,168 (main) INFO  [uniandes.isis2304.parranderos.test.ConexionTest] - Probando el acceso a la base de datos con datos válidos (BD, credenciales, esquema
15:23:25,168 (main) INFO  [uniandes.isis2304.parranderos.test.ConexionTest] - Se encontró un archivo de configuración de tablas válido
15:23:25,176 (main) INFO  [uniandes.isis2304.parranderos.test.TipoBebidaTest] - Prueba de UNICIDAD de Tipobebida incompleta. No se pudo conectar a la base de datos !!. La excepción generada es: javax.jdo.JDOFatalUserException
15:23:25,177 (main) INFO  [uniandes.isis2304.parranderos.test.TipoBebidaTest] - La causa es: javax.jdo.JDOFatalDataStoreException: Error de E/S: The Network Adapter could not establish the connection
NestedThrowables:
java.sql.SQLRecoverableException: Error de E/S: The Network Adapter could not establish the connection
15:23:25,178 (main) INFO  [uniandes.isis2304.parranderos.test.TipoBebidaTest] - Probando las operaciones CRD sobre TipoBebida
15:23:25,179 (main) INFO  [uniandes.isis2304.parranderos.test.TipoBebidaTest] - Se encontró un archivo de configuración de tablas válido
15:23:41,584 (main) INFO  [uniandes.isis2304.parranderos.test.TipoBebidaTest] - Prueba de UNICIDAD de Tipobebida incompleta. No se pudo conectar a la base de datos !!. La excepción generada es: javax.jdo.JDOFatalUserException
15:23:41,584 (main) INFO  [uniandes.isis2304.parranderos.test.TipoBebidaTest] - La causa es: javax.jdo.JDOFatalDataStoreException: Error de E/S: The Network Adapter could not establish the connection
NestedThrowables:
java.sql.SQLRecoverableException: Error de E/S: The Network Adapter could not establish the connection
15:23:41,586 (main) INFO  [uniandes.isis2304.parranderos.test.TipoBebidaTest] - Probando las operaciones CRD sobre TipoBebida
15:23:41,586 (main) INFO  [uniandes.isis2304.parranderos.test.TipoBebidaTest] - Se encontró un archivo de configuración de tablas válido
15:23:44,132 (main) INFO  [uniandes.isis2304.parranderos.test.ConexionTest] - Prueba realizada exitosamente. La excepción generada es: javax.jdo.JDOFatalUserException
15:23:44,132 (main) INFO  [uniandes.isis2304.parranderos.test.ConexionTest] - La causa es: javax.jdo.JDOFatalDataStoreException: Error de E/S: The Network Adapter could not establish the connection
NestedThrowables:
java.sql.SQLRecoverableException: Error de E/S: The Network Adapter could not establish the connection
15:23:44,132 (main) INFO  [uniandes.isis2304.parranderos.test.ConexionTest] - Probando el acceso a la base de datos con datos de usuario incorrectos
15:23:44,132 (main) INFO  [uniandes.isis2304.parranderos.test.ConexionTest] - Se encontró un archivo de configuración de tablas válido
15:23:52,432 (main) INFO  [uniandes.isis2304.parranderos.test.ConexionTest] - Prueba de acceso normal FALLÓ !!. La excepción generada es: javax.jdo.JDOFatalUserException
15:23:52,432 (main) INFO  [uniandes.isis2304.parranderos.test.ConexionTest] - La causa es: javax.jdo.JDOFatalDataStoreException: Error de E/S: The Network Adapter could not establish the connection
NestedThrowables:
java.sql.SQLRecoverableException: Error de E/S: The Network Adapter could not establish the connection
15:24:00,780 (main) INFO  [uniandes.isis2304.parranderos.test.ConexionTest] - Prueba realizada exitosamente. La excepción generada es: javax.jdo.JDOFatalUserException
15:24:00,780 (main) INFO  [uniandes.isis2304.parranderos.test.ConexionTest] - La causa es: javax.jdo.JDOFatalDataStoreException: Error de E/S: The Network Adapter could not establish the connection
NestedThrowables:
java.sql.SQLRecoverableException: Error de E/S: The Network Adapter could not establish the connection
15:24:00,780 (main) INFO  [uniandes.isis2304.parranderos.test.ConexionTest] - Probando el acceso a la base de datos con datos de usuario incorrectos
15:24:00,780 (main) INFO  [uniandes.isis2304.parranderos.test.ConexionTest] - Se encontró un archivo de configuración de tablas válido
15:24:04,701 (main) INFO  [uniandes.isis2304.parranderos.test.ConexionTest] - Prueba realizada exitosamente. La excepción generada es: javax.jdo.JDOFatalUserException
15:24:04,701 (main) INFO  [uniandes.isis2304.parranderos.test.ConexionTest] - La causa es: javax.jdo.JDOFatalDataStoreException: Error de E/S: The Network Adapter could not establish the connection
NestedThrowables:
java.sql.SQLRecoverableException: Error de E/S: The Network Adapter could not establish the connection
15:24:04,702 (main) INFO  [uniandes.isis2304.parranderos.test.ConexionTest] - Probando el acceso a la base de datos con datos válidos (BD, credenciales, esquema
15:24:04,702 (main) INFO  [uniandes.isis2304.parranderos.test.ConexionTest] - Se encontró un archivo de configuración de tablas válido
15:24:07,191 (main) INFO  [uniandes.isis2304.parranderos.test.ConexionTest] - Prueba de acceso normal FALLÓ !!. La excepción generada es: javax.jdo.JDOFatalUserException
15:24:07,192 (main) INFO  [uniandes.isis2304.parranderos.test.ConexionTest] - La causa es: javax.jdo.JDOFatalDataStoreException: Error de E/S: The Network Adapter could not establish the connection
NestedThrowables:
java.sql.SQLRecoverableException: Error de E/S: The Network Adapter could not establish the connection
15:24:07,206 (main) INFO  [uniandes.isis2304.parranderos.test.TipoBebidaTest] - Prueba de CRD de Tipobebida incompleta. No se pudo conectar a la base de datos !!. La excepción generada es: javax.jdo.JDOFatalUserException
15:24:07,206 (main) INFO  [uniandes.isis2304.parranderos.test.TipoBebidaTest] - La causa es: javax.jdo.JDOFatalDataStoreException: Error de E/S: The Network Adapter could not establish the connection
NestedThrowables:
java.sql.SQLRecoverableException: Error de E/S: The Network Adapter could not establish the connection
15:24:23,616 (main) INFO  [uniandes.isis2304.parranderos.test.TipoBebidaTest] - Prueba de CRD de Tipobebida incompleta. No se pudo conectar a la base de datos !!. La excepción generada es: javax.jdo.JDOFatalUserException
15:24:23,616 (main) INFO  [uniandes.isis2304.parranderos.test.TipoBebidaTest] - La causa es: javax.jdo.JDOFatalDataStoreException: Error de E/S: The Network Adapter could not establish the connection
NestedThrowables:
java.sql.SQLRecoverableException: Error de E/S: The Network Adapter could not establish the connection
15:24:23,616 (main) INFO  [uniandes.isis2304.parranderos.test.ConexionTest] - Probando el acceso a la base de datos con datos de usuario correctos, pero sin crear el esquema
15:24:23,617 (main) INFO  [uniandes.isis2304.parranderos.test.ConexionTest] - Se encontró un archivo de configuración de tablas válido
15:24:26,161 (main) INFO  [uniandes.isis2304.parranderos.test.ConexionTest] - Prueba realizada exitosamente. La excepción generada es: javax.jdo.JDOFatalUserException
15:24:26,161 (main) INFO  [uniandes.isis2304.parranderos.test.ConexionTest] - La causa es: javax.jdo.JDOFatalDataStoreException: Error de E/S: The Network Adapter could not establish the connection
NestedThrowables:
java.sql.SQLRecoverableException: Error de E/S: The Network Adapter could not establish the connection
15:24:26,161 (main) INFO  [uniandes.isis2304.parranderos.test.ConexionTest] - Probando el acceso a la base de datos con datos válidos (BD, credenciales, esquema
15:24:26,161 (main) INFO  [uniandes.isis2304.parranderos.test.ConexionTest] - Se encontró un archivo de configuración de tablas válido
15:24:42,810 (main) INFO  [uniandes.isis2304.parranderos.test.ConexionTest] - Prueba realizada exitosamente. La excepción generada es: javax.jdo.JDOFatalUserException
15:24:42,810 (main) INFO  [uniandes.isis2304.parranderos.test.ConexionTest] - La causa es: javax.jdo.JDOFatalDataStoreException: Error de E/S: The Network Adapter could not establish the connection
NestedThrowables:
java.sql.SQLRecoverableException: Error de E/S: The Network Adapter could not establish the connection
15:24:42,810 (main) INFO  [uniandes.isis2304.parranderos.test.ConexionTest] - Probando el acceso a la base de datos con datos válidos (BD, credenciales, esquema
15:24:42,810 (main) INFO  [uniandes.isis2304.parranderos.test.ConexionTest] - Se encontró un archivo de configuración de tablas válido
15:24:46,727 (main) INFO  [uniandes.isis2304.parranderos.test.ConexionTest] - Prueba de acceso normal FALLÓ !!. La excepción generada es: javax.jdo.JDOFatalUserException
15:24:46,727 (main) INFO  [uniandes.isis2304.parranderos.test.ConexionTest] - La causa es: javax.jdo.JDOFatalDataStoreException: Error de E/S: The Network Adapter could not establish the connection
NestedThrowables:
java.sql.SQLRecoverableException: Error de E/S: The Network Adapter could not establish the connection
15:25:05,659 (main) INFO  [uniandes.isis2304.parranderos.test.ConexionTest] - Prueba de tabla inexistente incompleta. No se pudo conectar a la base de datos !!. La excepción generada es: javax.jdo.JDOFatalUserException
15:25:05,660 (main) INFO  [uniandes.isis2304.parranderos.test.ConexionTest] - La causa es: javax.jdo.JDOFatalDataStoreException: Error de E/S: The Network Adapter could not establish the connection
NestedThrowables:
java.sql.SQLRecoverableException: Error de E/S: The Network Adapter could not establish the connection
15:25:08,186 (main) INFO  [uniandes.isis2304.parranderos.test.ConexionTest] - Prueba de acceso normal FALLÓ !!. La excepción generada es: javax.jdo.JDOFatalUserException
15:25:08,186 (main) INFO  [uniandes.isis2304.parranderos.test.ConexionTest] - La causa es: javax.jdo.JDOFatalDataStoreException: Error de E/S: The Network Adapter could not establish the connection
NestedThrowables:
java.sql.SQLRecoverableException: Error de E/S: The Network Adapter could not establish the connection
15:25:24,836 (main) INFO  [uniandes.isis2304.parranderos.test.ConexionTest] - Prueba de acceso normal FALLÓ !!. La excepción generada es: javax.jdo.JDOFatalUserException
15:25:24,836 (main) INFO  [uniandes.isis2304.parranderos.test.ConexionTest] - La causa es: javax.jdo.JDOFatalDataStoreException: Error de E/S: The Network Adapter could not establish the connection
NestedThrowables:
java.sql.SQLRecoverableException: Error de E/S: The Network Adapter could not establish the connection
15:26:59,015 (main) INFO  [uniandes.isis2304.parranderos.test.TipoBebidaTest] - Probando la restricción de UNICIDAD del nombre del tipo de bebida
15:26:59,044 (main) INFO  [uniandes.isis2304.parranderos.test.TipoBebidaTest] - Se encontró un archivo de configuración de tablas válido
15:27:41,515 (main) INFO  [uniandes.isis2304.parranderos.test.TipoBebidaTest] - Prueba de UNICIDAD de Tipobebida incompleta. No se pudo conectar a la base de datos !!. La excepción generada es: javax.jdo.JDOFatalUserException
15:27:41,515 (main) INFO  [uniandes.isis2304.parranderos.test.TipoBebidaTest] - La causa es: javax.jdo.JDOFatalDataStoreException: Error de E/S: The Network Adapter could not establish the connection
NestedThrowables:
java.sql.SQLRecoverableException: Error de E/S: The Network Adapter could not establish the connection
09:02:23,713 (main) INFO  [uniandes.isis2304.superAndes.interfazApp.InterfazSuperAndesApp] - Se encontró un archivo de configuración válido: Interfaz
09:02:23,715 (main) INFO  [uniandes.isis2304.superAndes.interfazApp.InterfazSuperAndesApp] - Se aplica configuración indicada en el archivo de configuración
09:02:23,727 (main) INFO  [uniandes.isis2304.superAndes.interfazApp.InterfazSuperAndesApp] - Se encontró un archivo de configuración válido: Tablas BD
09:03:08,535 (main) INFO  [uniandes.isis2304.superAndes.interfazApp.InterfazSuperAndesApp] - Se encontró un archivo de configuración válido: Interfaz
09:03:08,537 (main) INFO  [uniandes.isis2304.superAndes.interfazApp.InterfazSuperAndesApp] - Se aplica configuración indicada en el archivo de configuración
09:03:08,548 (main) INFO  [uniandes.isis2304.superAndes.interfazApp.InterfazSuperAndesApp] - Se encontró un archivo de configuración válido: Tablas BD
09:05:30,387 (main) INFO  [uniandes.isis2304.superAndes.interfazApp.InterfazSuperAndesApp] - Se encontró un archivo de configuración válido: Interfaz
09:05:30,388 (main) INFO  [uniandes.isis2304.superAndes.interfazApp.InterfazSuperAndesApp] - Se aplica configuración indicada en el archivo de configuración
09:05:30,399 (main) INFO  [uniandes.isis2304.superAndes.interfazApp.InterfazSuperAndesApp] - Se encontró un archivo de configuración válido: Tablas BD
09:05:46,495 (main) INFO  [uniandes.isis2304.superAndes.interfazApp.InterfazSuperAndesApp] - Se encontró un archivo de configuración válido: Interfaz
09:05:46,498 (main) INFO  [uniandes.isis2304.superAndes.interfazApp.InterfazSuperAndesApp] - Se aplica configuración indicada en el archivo de configuración
09:05:46,508 (main) INFO  [uniandes.isis2304.superAndes.interfazApp.InterfazSuperAndesApp] - Se encontró un archivo de configuración válido: Tablas BD
09:05:57,764 (main) INFO  [uniandes.isis2304.superAndes.interfazApp.InterfazSuperAndesApp] - Se encontró un archivo de configuración válido: Interfaz
09:05:57,765 (main) INFO  [uniandes.isis2304.superAndes.interfazApp.InterfazSuperAndesApp] - Se aplica configuración indicada en el archivo de configuración
09:05:57,774 (main) INFO  [uniandes.isis2304.superAndes.interfazApp.InterfazSuperAndesApp] - Se encontró un archivo de configuración válido: Tablas BD
09:06:44,278 (main) INFO  [uniandes.isis2304.superAndes.interfazApp.InterfazSuperAndesApp] - Se encontró un archivo de configuración válido: Interfaz
09:06:44,279 (main) INFO  [uniandes.isis2304.superAndes.interfazApp.InterfazSuperAndesApp] - Se aplica configuración indicada en el archivo de configuración
09:06:44,288 (main) INFO  [uniandes.isis2304.superAndes.interfazApp.InterfazSuperAndesApp] - Se encontró un archivo de configuración válido: Tablas BD
09:11:59,211 (main) INFO  [uniandes.isis2304.superAndes.interfazApp.InterfazSuperAndesApp] - Se encontró un archivo de configuración válido: Interfaz
09:11:59,212 (main) INFO  [uniandes.isis2304.superAndes.interfazApp.InterfazSuperAndesApp] - Se aplica configuración indicada en el archivo de configuración
09:11:59,221 (main) INFO  [uniandes.isis2304.superAndes.interfazApp.InterfazSuperAndesApp] - Se encontró un archivo de configuración válido: Tablas BD
09:12:05,209 (AWT-EventQueue-0) INFO  [uniandes.isis2304.superAndes.negocio.SuperAndes] - Adicionando el proveedor: Juanito
09:12:05,501 (AWT-EventQueue-0) INFO  [uniandes.isis2304.superAndes.negocio.SuperAndes] - Adicionando el proveedor: Proveedor [NIT=43, nombre=Juanito]
09:22:42,227 (main) INFO  [uniandes.isis2304.superAndes.interfazApp.InterfazSuperAndesApp] - Se encontró un archivo de configuración válido: Interfaz
09:22:42,228 (main) INFO  [uniandes.isis2304.superAndes.interfazApp.InterfazSuperAndesApp] - Se aplica configuración indicada en el archivo de configuración
09:22:42,236 (main) INFO  [uniandes.isis2304.superAndes.interfazApp.InterfazSuperAndesApp] - Se encontró un archivo de configuración válido: Tablas BD
09:22:46,066 (AWT-EventQueue-0) INFO  [uniandes.isis2304.superAndes.negocio.SuperAndes] - Generando los VO de Proveedor
09:22:46,328 (AWT-EventQueue-0) INFO  [uniandes.isis2304.superAndes.negocio.SuperAndes] - Generando los VO de Tipos de bebida: 6 existentes
09:32:16,433 (main) INFO  [uniandes.isis2304.superAndes.interfazApp.InterfazSuperAndesApp] - Se encontró un archivo de configuración válido: Interfaz
09:32:16,434 (main) INFO  [uniandes.isis2304.superAndes.interfazApp.InterfazSuperAndesApp] - Se aplica configuración indicada en el archivo de configuración
09:32:16,444 (main) INFO  [uniandes.isis2304.superAndes.interfazApp.InterfazSuperAndesApp] - Se encontró un archivo de configuración válido: Tablas BD
10:51:56,277 (main) INFO  [uniandes.isis2304.superAndes.interfazApp.InterfazSuperAndesApp] - Se encontró un archivo de configuración válido: Interfaz
10:51:56,292 (main) INFO  [uniandes.isis2304.superAndes.interfazApp.InterfazSuperAndesApp] - Se aplica configuración indicada en el archivo de configuración
10:51:56,292 (main) INFO  [uniandes.isis2304.superAndes.interfazApp.InterfazSuperAndesApp] - Se encontró un archivo de configuración válido: Tablas BD
10:55:32,456 (main) INFO  [uniandes.isis2304.superAndes.interfazApp.InterfazSuperAndesApp] - Se encontró un archivo de configuración válido: Interfaz
10:55:32,456 (main) INFO  [uniandes.isis2304.superAndes.interfazApp.InterfazSuperAndesApp] - Se aplica configuración indicada en el archivo de configuración
10:55:32,472 (main) INFO  [uniandes.isis2304.superAndes.interfazApp.InterfazSuperAndesApp] - Se encontró un archivo de configuración válido: Tablas BD
10:56:17,273 (AWT-EventQueue-0) INFO  [uniandes.isis2304.superAndes.negocio.SuperAndes] - Adicionando el Producto: Manzana
10:56:17,576 (AWT-EventQueue-0) ERROR [uniandes.isis2304.superAndes.persistencia.PersistenciaSuperAndes] - Exception : Error con la ejecucion de Query de SQL "INSERT INTO PRODUCTO(codigoDeBarras,nombre,marca,precioUnitario,presentacion,precioPorUnidad,cantidadEnLaPresentacion,unidadesDeMedida,especificacionesDeEmpacado,nivelDeReorden,IDPedido, IDSucursal, IDContenedor) values (44,Manzana,apple,12.0,Nice,Nice,132.0,12.0,gr,none,0.0,0,0,0,15)".
ORA-00913: demasiados valores

10:56:17,576 (AWT-EventQueue-0) INFO  [uniandes.isis2304.superAndes.negocio.SuperAndes] - Adicionando el Producto: null
10:59:38,339 (main) INFO  [uniandes.isis2304.superAndes.interfazApp.InterfazSuperAndesApp] - Se encontró un archivo de configuración válido: Interfaz
10:59:38,341 (main) INFO  [uniandes.isis2304.superAndes.interfazApp.InterfazSuperAndesApp] - Se aplica configuración indicada en el archivo de configuración
10:59:38,352 (main) INFO  [uniandes.isis2304.superAndes.interfazApp.InterfazSuperAndesApp] - Se encontró un archivo de configuración válido: Tablas BD
11:00:19,255 (AWT-EventQueue-0) INFO  [uniandes.isis2304.superAndes.negocio.SuperAndes] - Adicionando el Producto: g
11:00:19,587 (AWT-EventQueue-0) ERROR [uniandes.isis2304.superAndes.persistencia.PersistenciaSuperAndes] - Exception : Error con la ejecucion de Query de SQL "INSERT INTO PRODUCTO(codigoDeBarras,nombre,marca,precioUnitario,presentacion,precioPorUnidad,cantidadEnLaPresentacion,unidadesDeMedida,especificacionesDeEmpacado,nivelDeReorden,IDPedido, IDSucursal, IDContenedor) values (45,g,a,123.0,asd,123.0,123.0,gr,asdqweqe,0.0,0,0,0,50)".
ORA-00913: demasiados valores

11:00:19,587 (AWT-EventQueue-0) INFO  [uniandes.isis2304.superAndes.negocio.SuperAndes] - Adicionando el Producto: null
11:01:54,596 (main) INFO  [uniandes.isis2304.superAndes.interfazApp.InterfazSuperAndesApp] - Se encontró un archivo de configuración válido: Interfaz
11:01:54,611 (main) INFO  [uniandes.isis2304.superAndes.interfazApp.InterfazSuperAndesApp] - Se aplica configuración indicada en el archivo de configuración
11:01:54,621 (main) INFO  [uniandes.isis2304.superAndes.interfazApp.InterfazSuperAndesApp] - Se encontró un archivo de configuración válido: Tablas BD
11:02:22,470 (AWT-EventQueue-0) INFO  [uniandes.isis2304.superAndes.negocio.SuperAndes] - Adicionando el Producto: as
11:02:22,805 (AWT-EventQueue-0) ERROR [uniandes.isis2304.superAndes.persistencia.PersistenciaSuperAndes] - Exception : Error con la ejecucion de Query de SQL "INSERT INTO PRODUCTO(codigoDeBarras,nombre,marca,precioUnitario,presentacion,precioPorUnidad,cantidadEnLaPresentacion,unidadesDeMedida,especificacionesDeEmpacado,nivelDeReorden,IDPedido, IDSucursal, IDContenedor, EnStock) values (46,as,d,13.0,eq,1.0,2.0,gr,f,0.0,0,0,0,34)".
ORA-00936: falta una expresión

11:02:22,814 (AWT-EventQueue-0) INFO  [uniandes.isis2304.superAndes.negocio.SuperAndes] - Adicionando el Producto: null
11:15:49,939 (main) INFO  [uniandes.isis2304.superAndes.interfazApp.InterfazSuperAndesApp] - Se encontró un archivo de configuración válido: Interfaz
11:15:49,939 (main) INFO  [uniandes.isis2304.superAndes.interfazApp.InterfazSuperAndesApp] - Se aplica configuración indicada en el archivo de configuración
11:15:49,971 (main) INFO  [uniandes.isis2304.superAndes.interfazApp.InterfazSuperAndesApp] - Se encontró un archivo de configuración válido: Tablas BD
11:16:01,345 (AWT-EventQueue-0) INFO  [uniandes.isis2304.superAndes.negocio.SuperAndes] - Adicionando el proveedor: CAMILO
11:16:01,684 (AWT-EventQueue-0) INFO  [uniandes.isis2304.superAndes.negocio.SuperAndes] - Adicionando el proveedor: Proveedor [NIT=47, nombre=CAMILO]
11:36:53,817 (main) INFO  [uniandes.isis2304.superAndes.interfazApp.InterfazSuperAndesApp] - Se encontró un archivo de configuración válido: Interfaz
11:36:53,819 (main) INFO  [uniandes.isis2304.superAndes.interfazApp.InterfazSuperAndesApp] - Se aplica configuración indicada en el archivo de configuración
11:36:53,828 (main) INFO  [uniandes.isis2304.superAndes.interfazApp.InterfazSuperAndesApp] - Se encontró un archivo de configuración válido: Tablas BD
11:39:45,767 (AWT-EventQueue-0) INFO  [uniandes.isis2304.superAndes.negocio.SuperAndes] - Adicionando el Producto: manzana
11:39:46,123 (AWT-EventQueue-0) ERROR [uniandes.isis2304.superAndes.persistencia.PersistenciaSuperAndes] - Exception : Error con la ejecucion de Query de SQL "INSERT INTO PRODUCTO(codigoDeBarras,nombre,marca,precioUnitario,presentacion,precioPorUnidad,cantidadEnLaPresentacion,unidadesDeMedida,especificacionesDeEmpacado,nivelDeReorden,IDPedido, IDSucursal, IDContenedor, EnStock) values (48,'manzana','aplle',2.0,'q',3.0,2134.0,'gr','werew',0.0,17,15,24,23)".
ORA-00904: "UNIDADESDEMEDIDA": identificador no válido

11:39:46,123 (AWT-EventQueue-0) INFO  [uniandes.isis2304.superAndes.negocio.SuperAndes] - Adicionando el Producto: null
11:40:38,469 (main) INFO  [uniandes.isis2304.superAndes.interfazApp.InterfazSuperAndesApp] - Se encontró un archivo de configuración válido: Interfaz
11:40:38,469 (main) INFO  [uniandes.isis2304.superAndes.interfazApp.InterfazSuperAndesApp] - Se aplica configuración indicada en el archivo de configuración
11:40:38,485 (main) INFO  [uniandes.isis2304.superAndes.interfazApp.InterfazSuperAndesApp] - Se encontró un archivo de configuración válido: Tablas BD
11:41:44,899 (AWT-EventQueue-0) INFO  [uniandes.isis2304.superAndes.negocio.SuperAndes] - Adicionando el Producto: manzana
11:41:45,195 (AWT-EventQueue-0) INFO  [uniandes.isis2304.superAndes.negocio.SuperAndes] - Adicionando el Producto: Producto [codigoDeBarras=49, nombre=manzana, marca=apple, precioUnitario=2.0, presentacion=q, precioPorUnidad=2.0, cantidadEnLaPresentacion=3.0, unidadesDeMedida=gr, especificacionesDeEmpacado=wqe, nivelDeReorden=0.0, IDPedido=15, IDSucursal=16, IDContenedor=17, EnStock=23]
11:58:39,092 (AWT-EventQueue-0) INFO  [uniandes.isis2304.superAndes.negocio.SuperAndes] - Generando los VO de Proveedor
11:58:39,216 (AWT-EventQueue-0) INFO  [uniandes.isis2304.superAndes.negocio.SuperAndes] - Generando los VO de Tipos de bebida: 27 existentes
12:00:51,858 (AWT-EventQueue-0) INFO  [uniandes.isis2304.superAndes.negocio.SuperAndes] - Adicionando el proveedor: 
12:00:51,904 (AWT-EventQueue-0) INFO  [uniandes.isis2304.superAndes.negocio.SuperAndes] - Adicionando el proveedor: Proveedor [NIT=50, nombre=]
15:11:44,043 (main) INFO  [uniandes.isis2304.superAndes.interfazApp.InterfazSuperAndesApp] - Se encontró un archivo de configuración válido: Interfaz
15:11:44,043 (main) INFO  [uniandes.isis2304.superAndes.interfazApp.InterfazSuperAndesApp] - Se aplica configuración indicada en el archivo de configuración
15:11:44,058 (main) INFO  [uniandes.isis2304.superAndes.interfazApp.InterfazSuperAndesApp] - Se encontró un archivo de configuración válido: Tablas BD
15:28:53,533 (main) INFO  [uniandes.isis2304.superAndes.interfazApp.InterfazSuperAndesApp] - Se encontró un archivo de configuración válido: Interfaz
15:28:53,533 (main) INFO  [uniandes.isis2304.superAndes.interfazApp.InterfazSuperAndesApp] - Se aplica configuración indicada en el archivo de configuración
15:28:53,533 (main) INFO  [uniandes.isis2304.superAndes.interfazApp.InterfazSuperAndesApp] - Se encontró un archivo de configuración válido: Tablas BD
15:29:26,174 (main) INFO  [uniandes.isis2304.superAndes.interfazApp.InterfazSuperAndesApp] - Se encontró un archivo de configuración válido: Interfaz
15:29:26,174 (main) INFO  [uniandes.isis2304.superAndes.interfazApp.InterfazSuperAndesApp] - Se aplica configuración indicada en el archivo de configuración
15:29:26,189 (main) INFO  [uniandes.isis2304.superAndes.interfazApp.InterfazSuperAndesApp] - Se encontró un archivo de configuración válido: Tablas BD
15:29:56,331 (AWT-EventQueue-0) INFO  [uniandes.isis2304.superAndes.negocio.SuperAndes] - Adicionando el Producto: D
15:29:56,612 (AWT-EventQueue-0) INFO  [uniandes.isis2304.superAndes.negocio.SuperAndes] - Adicionando el Producto: Producto [codigoDeBarras=12, nombre=D, marca=d, precioUnitario=2.0, presentacion=w, precioPorUnidad=1.0, cantidadEnLaPresentacion=2.0, unidadesDeMedida=gr, especificacionesDeEmpacado=wq, nivelDeReorden=0.0, IDPedido=12, IDSucursal=13, IDContenedor=14, EnStock=25]
15:33:05,894 (AWT-EventQueue-0) INFO  [uniandes.isis2304.superAndes.negocio.SuperAndes] - Adicionando el Producto: 12
15:33:05,995 (AWT-EventQueue-0) ERROR [uniandes.isis2304.superAndes.persistencia.PersistenciaSuperAndes] - Exception : Error con la ejecucion de Query de SQL "INSERT INTO PRODUCTO(codigoDeBarras,nombre,marca,precioUnitario,presentacion,precioPorUnidad,cantidadEnLaPresentacion,unidadDeMedida,especificacionesDeEmpacado,nivelDeReorden,IDPedido, IDSucursal, IDContenedor, EnStock) values (12,'12','12',12.0,'12',12.0,12.0,'12','12',0.0,12,12,12,24)".
ORA-00001: restricción única (ISIS2304B231820.SYS_C00409118) violada

15:33:06,010 (AWT-EventQueue-0) INFO  [uniandes.isis2304.superAndes.negocio.SuperAndes] - Adicionando el Producto: null
15:34:12,771 (AWT-EventQueue-0) INFO  [uniandes.isis2304.superAndes.negocio.SuperAndes] - Adicionando el Producto: DP
15:34:12,801 (AWT-EventQueue-0) INFO  [uniandes.isis2304.superAndes.negocio.SuperAndes] - Adicionando el Producto: Producto [codigoDeBarras=124, nombre=DP, marca=APPLE, precioUnitario=12.0, presentacion=W, precioPorUnidad=13.0, cantidadEnLaPresentacion=13.0, unidadesDeMedida=gr, especificacionesDeEmpacado=w, nivelDeReorden=0.0, IDPedido=12, IDSucursal=14, IDContenedor=13, EnStock=32]
15:40:04,006 (main) INFO  [uniandes.isis2304.superAndes.interfazApp.InterfazSuperAndesApp] - Se encontró un archivo de configuración válido: Interfaz
15:40:04,006 (main) INFO  [uniandes.isis2304.superAndes.interfazApp.InterfazSuperAndesApp] - Se aplica configuración indicada en el archivo de configuración
15:40:04,006 (main) INFO  [uniandes.isis2304.superAndes.interfazApp.InterfazSuperAndesApp] - Se encontró un archivo de configuración válido: Tablas BD
15:40:44,161 (main) INFO  [uniandes.isis2304.superAndes.interfazApp.InterfazSuperAndesApp] - Se encontró un archivo de configuración válido: Interfaz
15:40:44,161 (main) INFO  [uniandes.isis2304.superAndes.interfazApp.InterfazSuperAndesApp] - Se aplica configuración indicada en el archivo de configuración
15:40:44,161 (main) INFO  [uniandes.isis2304.superAndes.interfazApp.InterfazSuperAndesApp] - Se encontró un archivo de configuración válido: Tablas BD
15:41:09,769 (AWT-EventQueue-0) INFO  [uniandes.isis2304.superAndes.negocio.SuperAndes] - Adicionando el Producto: d
15:41:10,037 (AWT-EventQueue-0) INFO  [uniandes.isis2304.superAndes.negocio.SuperAndes] - Adicionando el Producto: Producto [codigoDeBarras=13, nombre=d, marca=w, precioUnitario=1.0, presentacion=w, precioPorUnidad=3.0, cantidadEnLaPresentacion=23.0, unidadesDeMedida=ew, especificacionesDeEmpacado=qw, nivelDeReorden=0.0, IDPedido=12, IDSucursal=13, IDContenedor=14, EnStock=42]
15:41:17,987 (AWT-EventQueue-0) INFO  [uniandes.isis2304.superAndes.negocio.SuperAndes] - Adicionando la categoria: aseo
15:41:18,093 (AWT-EventQueue-0) ERROR [uniandes.isis2304.superAndes.persistencia.PersistenciaSuperAndes] - Exception : Error con la ejecucion de Query de SQL "INSERT INTO CATEGORIA( id,nombreCategoria,perecedero,codigoDeBarrasProducto) values (51,'aseo', ,'13')".
ORA-00936: falta una expresión

15:41:18,093 (AWT-EventQueue-0) INFO  [uniandes.isis2304.superAndes.negocio.SuperAndes] - Adicionando la categoria : null
15:45:10,832 (main) INFO  [uniandes.isis2304.superAndes.interfazApp.InterfazSuperAndesApp] - Se encontró un archivo de configuración válido: Interfaz
15:45:10,832 (main) INFO  [uniandes.isis2304.superAndes.interfazApp.InterfazSuperAndesApp] - Se aplica configuración indicada en el archivo de configuración
15:45:10,848 (main) INFO  [uniandes.isis2304.superAndes.interfazApp.InterfazSuperAndesApp] - Se encontró un archivo de configuración válido: Tablas BD
15:45:39,899 (main) INFO  [uniandes.isis2304.superAndes.interfazApp.InterfazSuperAndesApp] - Se encontró un archivo de configuración válido: Interfaz
15:45:39,899 (main) INFO  [uniandes.isis2304.superAndes.interfazApp.InterfazSuperAndesApp] - Se aplica configuración indicada en el archivo de configuración
15:45:39,914 (main) INFO  [uniandes.isis2304.superAndes.interfazApp.InterfazSuperAndesApp] - Se encontró un archivo de configuración válido: Tablas BD
15:47:03,187 (main) INFO  [uniandes.isis2304.superAndes.interfazApp.InterfazSuperAndesApp] - Se encontró un archivo de configuración válido: Interfaz
15:47:03,187 (main) INFO  [uniandes.isis2304.superAndes.interfazApp.InterfazSuperAndesApp] - Se aplica configuración indicada en el archivo de configuración
15:47:03,187 (main) INFO  [uniandes.isis2304.superAndes.interfazApp.InterfazSuperAndesApp] - Se encontró un archivo de configuración válido: Tablas BD
15:49:01,585 (main) INFO  [uniandes.isis2304.superAndes.interfazApp.InterfazSuperAndesApp] - Se encontró un archivo de configuración válido: Interfaz
15:49:01,585 (main) INFO  [uniandes.isis2304.superAndes.interfazApp.InterfazSuperAndesApp] - Se aplica configuración indicada en el archivo de configuración
15:49:01,600 (main) INFO  [uniandes.isis2304.superAndes.interfazApp.InterfazSuperAndesApp] - Se encontró un archivo de configuración válido: Tablas BD
15:49:13,508 (main) INFO  [uniandes.isis2304.superAndes.interfazApp.InterfazSuperAndesApp] - Se encontró un archivo de configuración válido: Interfaz
15:49:13,508 (main) INFO  [uniandes.isis2304.superAndes.interfazApp.InterfazSuperAndesApp] - Se aplica configuración indicada en el archivo de configuración
15:49:13,523 (main) INFO  [uniandes.isis2304.superAndes.interfazApp.InterfazSuperAndesApp] - Se encontró un archivo de configuración válido: Tablas BD
15:49:25,194 (main) INFO  [uniandes.isis2304.superAndes.interfazApp.InterfazSuperAndesApp] - Se encontró un archivo de configuración válido: Interfaz
15:49:25,194 (main) INFO  [uniandes.isis2304.superAndes.interfazApp.InterfazSuperAndesApp] - Se aplica configuración indicada en el archivo de configuración
15:49:25,194 (main) INFO  [uniandes.isis2304.superAndes.interfazApp.InterfazSuperAndesApp] - Se encontró un archivo de configuración válido: Tablas BD
15:49:52,257 (main) INFO  [uniandes.isis2304.superAndes.interfazApp.InterfazSuperAndesApp] - Se encontró un archivo de configuración válido: Interfaz
15:49:52,257 (main) INFO  [uniandes.isis2304.superAndes.interfazApp.InterfazSuperAndesApp] - Se aplica configuración indicada en el archivo de configuración
15:49:52,273 (main) INFO  [uniandes.isis2304.superAndes.interfazApp.InterfazSuperAndesApp] - Se encontró un archivo de configuración válido: Tablas BD
15:50:15,538 (AWT-EventQueue-0) INFO  [uniandes.isis2304.superAndes.negocio.SuperAndes] - Adicionando el Producto: e
15:50:15,801 (AWT-EventQueue-0) INFO  [uniandes.isis2304.superAndes.negocio.SuperAndes] - Adicionando el Producto: Producto [codigoDeBarras=132, nombre=e, marca=e, precioUnitario=2.0, presentacion=e, precioPorUnidad=2.0, cantidadEnLaPresentacion=2.0, unidadesDeMedida=e, especificacionesDeEmpacado=e, nivelDeReorden=0.0, IDPedido=12, IDSucursal=13, IDContenedor=14, EnStock=42]
15:50:21,790 (AWT-EventQueue-0) INFO  [uniandes.isis2304.superAndes.negocio.SuperAndes] - Adicionando la categoria: e
15:50:21,868 (AWT-EventQueue-0) INFO  [uniandes.isis2304.superAndes.negocio.SuperAndes] - Adicionando la categoria : Categoria [id=52, nombreCategoria=e, perecedero=0, codigoDeBarrasProducto=132]
16:12:39,509 (main) INFO  [uniandes.isis2304.superAndes.interfazApp.InterfazSuperAndesApp] - Se encontró un archivo de configuración válido: Interfaz
16:12:39,509 (main) INFO  [uniandes.isis2304.superAndes.interfazApp.InterfazSuperAndesApp] - Se aplica configuración indicada en el archivo de configuración
16:12:39,509 (main) INFO  [uniandes.isis2304.superAndes.interfazApp.InterfazSuperAndesApp] - Se encontró un archivo de configuración válido: Tablas BD
16:13:13,762 (AWT-EventQueue-0) INFO  [uniandes.isis2304.superAndes.negocio.SuperAndes] - Adicionando el Producto: Coca
16:13:14,058 (AWT-EventQueue-0) ERROR [uniandes.isis2304.superAndes.persistencia.PersistenciaSuperAndes] - Exception : Error con la ejecucion de Query de SQL "INSERT INTO PRODUCTO(codigoDeBarras,nombre,marca,precioUnitario,presentacion,precioPorUnidad,cantidadEnLaPresentacion,unidadDeMedida,especificacionesDeEmpacado,nivelDeReorden,IDPedido, IDSucursal, IDContenedor, EnStock) values (12,'Coca','PabloEscobarInc',12.0,'w',12.0,12.0,'w','e',0.0,13,14,15,41)".
ORA-00001: restricción única (ISIS2304B231820.SYS_C00409118) violada

16:13:14,058 (AWT-EventQueue-0) INFO  [uniandes.isis2304.superAndes.negocio.SuperAndes] - Adicionando el Producto: null
16:18:27,311 (main) INFO  [uniandes.isis2304.superAndes.interfazApp.InterfazSuperAndesApp] - Se encontró un archivo de configuración válido: Interfaz
16:18:27,311 (main) INFO  [uniandes.isis2304.superAndes.interfazApp.InterfazSuperAndesApp] - Se aplica configuración indicada en el archivo de configuración
16:18:27,327 (main) INFO  [uniandes.isis2304.superAndes.interfazApp.InterfazSuperAndesApp] - Se encontró un archivo de configuración válido: Tablas BD
16:19:06,656 (AWT-EventQueue-0) INFO  [uniandes.isis2304.superAndes.negocio.SuperAndes] - Adicionando el Producto: Da
16:19:07,200 (AWT-EventQueue-0) INFO  [uniandes.isis2304.superAndes.negocio.SuperAndes] - Adicionando el Producto: Producto [codigoDeBarras=11, nombre=Da, marca=q, precioUnitario=2.0, presentacion=w, precioPorUnidad=12.0, cantidadEnLaPresentacion=42.0, unidadesDeMedida=w, especificacionesDeEmpacado=wq, nivelDeReorden=0.0, IDPedido=8, IDSucursal=9, IDContenedor=7, EnStock=23]
16:19:17,529 (AWT-EventQueue-0) INFO  [uniandes.isis2304.superAndes.negocio.SuperAndes] - Adicionando la categoria: Aseo
16:19:17,716 (AWT-EventQueue-0) INFO  [uniandes.isis2304.superAndes.negocio.SuperAndes] - Adicionando la categoria : Categoria [id=53, nombreCategoria=Aseo, perecedero=0, codigoDeBarrasProducto=11]
16:21:35,108 (AWT-EventQueue-0) INFO  [uniandes.isis2304.superAndes.negocio.SuperAndes] - Adicionando el tipo de producto: carne
16:21:35,119 (AWT-EventQueue-0) ERROR [uniandes.isis2304.superAndes.persistencia.PersistenciaSuperAndes] - Exception : null

16:21:35,121 (AWT-EventQueue-0) INFO  [uniandes.isis2304.superAndes.negocio.SuperAndes] - Adicionando el tipo de producto : null
17:55:45,091 (main) INFO  [uniandes.isis2304.superAndes.interfazApp.InterfazSuperAndesApp] - Se encontró un archivo de configuración válido: Interfaz
17:55:45,092 (main) INFO  [uniandes.isis2304.superAndes.interfazApp.InterfazSuperAndesApp] - Se aplica configuración indicada en el archivo de configuración
17:55:45,103 (main) INFO  [uniandes.isis2304.superAndes.interfazApp.InterfazSuperAndesApp] - Se encontró un archivo de configuración válido: Tablas BD
17:56:14,913 (AWT-EventQueue-0) INFO  [uniandes.isis2304.superAndes.negocio.SuperAndes] - Adicionando la promocion 
17:56:15,160 (AWT-EventQueue-0) ERROR [uniandes.isis2304.superAndes.persistencia.PersistenciaSuperAndes] - Exception : null

17:56:15,168 (AWT-EventQueue-0) INFO  [uniandes.isis2304.superAndes.negocio.SuperAndes] - Adicionando el tipo de producto : null
17:56:54,527 (main) INFO  [uniandes.isis2304.superAndes.interfazApp.InterfazSuperAndesApp] - Se encontró un archivo de configuración válido: Interfaz
17:56:54,527 (main) INFO  [uniandes.isis2304.superAndes.interfazApp.InterfazSuperAndesApp] - Se aplica configuración indicada en el archivo de configuración
17:56:54,542 (main) INFO  [uniandes.isis2304.superAndes.interfazApp.InterfazSuperAndesApp] - Se encontró un archivo de configuración válido: Tablas BD
17:57:02,981 (AWT-EventQueue-0) INFO  [uniandes.isis2304.superAndes.negocio.SuperAndes] - Adicionando la promocion 
17:57:50,063 (main) INFO  [uniandes.isis2304.superAndes.interfazApp.InterfazSuperAndesApp] - Se encontró un archivo de configuración válido: Interfaz
17:57:50,064 (main) INFO  [uniandes.isis2304.superAndes.interfazApp.InterfazSuperAndesApp] - Se aplica configuración indicada en el archivo de configuración
17:57:50,072 (main) INFO  [uniandes.isis2304.superAndes.interfazApp.InterfazSuperAndesApp] - Se encontró un archivo de configuración válido: Tablas BD
17:58:02,878 (AWT-EventQueue-0) INFO  [uniandes.isis2304.superAndes.negocio.SuperAndes] - Adicionando la promocion 
17:59:47,391 (main) INFO  [uniandes.isis2304.superAndes.interfazApp.InterfazSuperAndesApp] - Se encontró un archivo de configuración válido: Interfaz
17:59:47,393 (main) INFO  [uniandes.isis2304.superAndes.interfazApp.InterfazSuperAndesApp] - Se aplica configuración indicada en el archivo de configuración
17:59:47,401 (main) INFO  [uniandes.isis2304.superAndes.interfazApp.InterfazSuperAndesApp] - Se encontró un archivo de configuración válido: Tablas BD
18:00:00,938 (main) INFO  [uniandes.isis2304.superAndes.interfazApp.InterfazSuperAndesApp] - Se encontró un archivo de configuración válido: Interfaz
18:00:00,940 (main) INFO  [uniandes.isis2304.superAndes.interfazApp.InterfazSuperAndesApp] - Se aplica configuración indicada en el archivo de configuración
18:00:00,948 (main) INFO  [uniandes.isis2304.superAndes.interfazApp.InterfazSuperAndesApp] - Se encontró un archivo de configuración válido: Tablas BD
18:00:09,141 (AWT-EventQueue-0) INFO  [uniandes.isis2304.superAndes.negocio.SuperAndes] - Adicionando la promocion 
18:00:09,643 (AWT-EventQueue-0) ERROR [uniandes.isis2304.superAndes.persistencia.PersistenciaSuperAndes] - Exception : Error con la ejecucion de Query de SQL "INSERT INTO PAGUEXUNIDADESLLEVEY( id,x,y) values (57,12,2)".
ORA-02291: restricción de integridad (ISIS2304B231820.SYS_C00409108) violada - clave principal no encontrada

18:00:09,660 (AWT-EventQueue-0) INFO  [uniandes.isis2304.superAndes.negocio.SuperAndes] - Adicionando el tipo de producto : null
18:06:28,385 (main) INFO  [uniandes.isis2304.superAndes.interfazApp.InterfazSuperAndesApp] - Se encontró un archivo de configuración válido: Interfaz
18:06:28,385 (main) INFO  [uniandes.isis2304.superAndes.interfazApp.InterfazSuperAndesApp] - Se aplica configuración indicada en el archivo de configuración
18:06:28,385 (main) INFO  [uniandes.isis2304.superAndes.interfazApp.InterfazSuperAndesApp] - Se encontró un archivo de configuración válido: Tablas BD
18:06:35,559 (AWT-EventQueue-0) INFO  [uniandes.isis2304.superAndes.negocio.SuperAndes] - Adicionando la promocion 
18:06:35,839 (AWT-EventQueue-0) ERROR [uniandes.isis2304.superAndes.persistencia.PersistenciaSuperAndes] - Exception : Error con la ejecucion de Query de SQL "INSERT INTO PROMOCION( id,descripcion, precionpromocion,IDEstante) values (58,'PromocionPXULY'01);INSERT INTO PAGUEXUNIDADESLLEVEY( id,x,y) values (58,12,12)".
ORA-00917: falta la coma

18:06:35,839 (AWT-EventQueue-0) INFO  [uniandes.isis2304.superAndes.negocio.SuperAndes] - Adicionando el tipo de producto : null
18:08:00,698 (main) INFO  [uniandes.isis2304.superAndes.interfazApp.InterfazSuperAndesApp] - Se encontró un archivo de configuración válido: Interfaz
18:08:00,698 (main) INFO  [uniandes.isis2304.superAndes.interfazApp.InterfazSuperAndesApp] - Se aplica configuración indicada en el archivo de configuración
18:08:00,715 (main) INFO  [uniandes.isis2304.superAndes.interfazApp.InterfazSuperAndesApp] - Se encontró un archivo de configuración válido: Tablas BD
18:08:08,507 (AWT-EventQueue-0) INFO  [uniandes.isis2304.superAndes.negocio.SuperAndes] - Adicionando la promocion 
18:08:08,812 (AWT-EventQueue-0) ERROR [uniandes.isis2304.superAndes.persistencia.PersistenciaSuperAndes] - Exception : Error con la ejecucion de Query de SQL "INSERT INTO PROMOCION( id,descripcion, precionpromocion,IDEstante) values (59,'PromocionPXULY'01)".
ORA-00917: falta la coma

18:08:08,816 (AWT-EventQueue-0) INFO  [uniandes.isis2304.superAndes.negocio.SuperAndes] - Adicionando el tipo de producto : null
18:08:34,648 (main) INFO  [uniandes.isis2304.superAndes.interfazApp.InterfazSuperAndesApp] - Se encontró un archivo de configuración válido: Interfaz
18:08:34,648 (main) INFO  [uniandes.isis2304.superAndes.interfazApp.InterfazSuperAndesApp] - Se aplica configuración indicada en el archivo de configuración
18:08:34,664 (main) INFO  [uniandes.isis2304.superAndes.interfazApp.InterfazSuperAndesApp] - Se encontró un archivo de configuración válido: Tablas BD
18:08:42,614 (AWT-EventQueue-0) INFO  [uniandes.isis2304.superAndes.negocio.SuperAndes] - Adicionando la promocion 
18:08:42,930 (AWT-EventQueue-0) ERROR [uniandes.isis2304.superAndes.persistencia.PersistenciaSuperAndes] - Exception : Error con la ejecucion de Query de SQL "INSERT INTO PROMOCION( id,descripcion, precionpromocion,IDEstante) values (60,'PromocionPXULY',0,1)".
ORA-00904: "PRECIONPROMOCION": identificador no válido

18:08:42,942 (AWT-EventQueue-0) INFO  [uniandes.isis2304.superAndes.negocio.SuperAndes] - Adicionando el tipo de producto : null
18:08:57,614 (main) INFO  [uniandes.isis2304.superAndes.interfazApp.InterfazSuperAndesApp] - Se encontró un archivo de configuración válido: Interfaz
18:08:57,614 (main) INFO  [uniandes.isis2304.superAndes.interfazApp.InterfazSuperAndesApp] - Se aplica configuración indicada en el archivo de configuración
18:08:57,614 (main) INFO  [uniandes.isis2304.superAndes.interfazApp.InterfazSuperAndesApp] - Se encontró un archivo de configuración válido: Tablas BD
18:09:08,153 (AWT-EventQueue-0) INFO  [uniandes.isis2304.superAndes.negocio.SuperAndes] - Adicionando la promocion 
18:09:08,470 (AWT-EventQueue-0) ERROR [uniandes.isis2304.superAndes.persistencia.PersistenciaSuperAndes] - Exception : Error con la ejecucion de Query de SQL "INSERT INTO PROMOCION( id,descripcion, preciopromocion,IDEstante) values (61,'PromocionPXULY',0,1)".
ORA-12899: el valor es demasiado grande para la columna "ISIS2304B231820"."PROMOCION"."DESCRIPCION" (real: 14, máximo: 10)

18:09:08,470 (AWT-EventQueue-0) INFO  [uniandes.isis2304.superAndes.negocio.SuperAndes] - Adicionando el tipo de producto : null
18:14:39,247 (main) INFO  [uniandes.isis2304.superAndes.interfazApp.InterfazSuperAndesApp] - Se encontró un archivo de configuración válido: Interfaz
18:14:39,247 (main) INFO  [uniandes.isis2304.superAndes.interfazApp.InterfazSuperAndesApp] - Se aplica configuración indicada en el archivo de configuración
18:14:39,263 (main) INFO  [uniandes.isis2304.superAndes.interfazApp.InterfazSuperAndesApp] - Se encontró un archivo de configuración válido: Tablas BD
18:14:45,740 (AWT-EventQueue-0) INFO  [uniandes.isis2304.superAndes.negocio.SuperAndes] - Adicionando la promocion 
18:14:46,046 (AWT-EventQueue-0) ERROR [uniandes.isis2304.superAndes.persistencia.PersistenciaSuperAndes] - Exception : Error con la ejecucion de Query de SQL "org.datanucleus.store.rdbms.query.SQLQuery@c4072ff1INSERT INTO PAGUEXUNIDADESLLEVEY( id,x,y) values (62,12,1)".
ORA-00900: sentencia SQL no válida

18:14:46,046 (AWT-EventQueue-0) INFO  [uniandes.isis2304.superAndes.negocio.SuperAndes] - Adicionando el tipo de producto : null
18:15:01,749 (main) INFO  [uniandes.isis2304.superAndes.interfazApp.InterfazSuperAndesApp] - Se encontró un archivo de configuración válido: Interfaz
18:15:01,749 (main) INFO  [uniandes.isis2304.superAndes.interfazApp.InterfazSuperAndesApp] - Se aplica configuración indicada en el archivo de configuración
18:15:01,765 (main) INFO  [uniandes.isis2304.superAndes.interfazApp.InterfazSuperAndesApp] - Se encontró un archivo de configuración válido: Tablas BD
18:15:09,527 (AWT-EventQueue-0) INFO  [uniandes.isis2304.superAndes.negocio.SuperAndes] - Adicionando la promocion 
18:15:10,121 (AWT-EventQueue-0) INFO  [uniandes.isis2304.superAndes.negocio.SuperAndes] - Adicionando el tipo de producto : Paguexunidadesllevey [id=63, x=12, y=13]
18:37:25,214 (main) INFO  [uniandes.isis2304.superAndes.interfazApp.InterfazSuperAndesApp] - Se encontró un archivo de configuración válido: Interfaz
18:37:25,214 (main) INFO  [uniandes.isis2304.superAndes.interfazApp.InterfazSuperAndesApp] - Se aplica configuración indicada en el archivo de configuración
18:37:25,214 (main) INFO  [uniandes.isis2304.superAndes.interfazApp.InterfazSuperAndesApp] - Se encontró un archivo de configuración válido: Tablas BD
18:38:01,339 (main) INFO  [uniandes.isis2304.superAndes.interfazApp.InterfazSuperAndesApp] - Se encontró un archivo de configuración válido: Interfaz
18:38:01,339 (main) INFO  [uniandes.isis2304.superAndes.interfazApp.InterfazSuperAndesApp] - Se aplica configuración indicada en el archivo de configuración
18:38:01,355 (main) INFO  [uniandes.isis2304.superAndes.interfazApp.InterfazSuperAndesApp] - Se encontró un archivo de configuración válido: Tablas BD
18:38:13,488 (AWT-EventQueue-0) INFO  [uniandes.isis2304.superAndes.negocio.SuperAndes] - Eliminando la promocion: 63
18:38:13,727 (AWT-EventQueue-0) ERROR [uniandes.isis2304.superAndes.persistencia.PersistenciaSuperAndes] - Exception : null

18:38:13,728 (AWT-EventQueue-0) INFO  [uniandes.isis2304.superAndes.negocio.SuperAndes] - Eliminando la promocion 
18:38:43,377 (main) INFO  [uniandes.isis2304.superAndes.interfazApp.InterfazSuperAndesApp] - Se encontró un archivo de configuración válido: Interfaz
18:38:43,377 (main) INFO  [uniandes.isis2304.superAndes.interfazApp.InterfazSuperAndesApp] - Se aplica configuración indicada en el archivo de configuración
18:38:43,377 (main) INFO  [uniandes.isis2304.superAndes.interfazApp.InterfazSuperAndesApp] - Se encontró un archivo de configuración válido: Tablas BD
18:38:49,022 (AWT-EventQueue-0) INFO  [uniandes.isis2304.superAndes.negocio.SuperAndes] - Eliminando la promocion: 63
18:38:49,386 (AWT-EventQueue-0) ERROR [uniandes.isis2304.superAndes.persistencia.PersistenciaSuperAndes] - Exception : Error con la ejecucion de Query de SQL "DELETE FROMPROMOCION65".
ORA-00942: la tabla o vista no existe

18:38:49,386 (AWT-EventQueue-0) INFO  [uniandes.isis2304.superAndes.negocio.SuperAndes] - Eliminando la promocion 
18:39:28,036 (main) INFO  [uniandes.isis2304.superAndes.interfazApp.InterfazSuperAndesApp] - Se encontró un archivo de configuración válido: Interfaz
18:39:28,036 (main) INFO  [uniandes.isis2304.superAndes.interfazApp.InterfazSuperAndesApp] - Se aplica configuración indicada en el archivo de configuración
18:39:28,052 (main) INFO  [uniandes.isis2304.superAndes.interfazApp.InterfazSuperAndesApp] - Se encontró un archivo de configuración válido: Tablas BD
18:39:34,586 (AWT-EventQueue-0) INFO  [uniandes.isis2304.superAndes.negocio.SuperAndes] - Eliminando la promocion: 63
18:39:34,899 (AWT-EventQueue-0) INFO  [uniandes.isis2304.superAndes.negocio.SuperAndes] - Eliminando la promocion 
18:40:02,128 (main) INFO  [uniandes.isis2304.superAndes.interfazApp.InterfazSuperAndesApp] - Se encontró un archivo de configuración válido: Interfaz
18:40:02,128 (main) INFO  [uniandes.isis2304.superAndes.interfazApp.InterfazSuperAndesApp] - Se aplica configuración indicada en el archivo de configuración
18:40:02,143 (main) INFO  [uniandes.isis2304.superAndes.interfazApp.InterfazSuperAndesApp] - Se encontró un archivo de configuración válido: Tablas BD
18:40:08,360 (AWT-EventQueue-0) INFO  [uniandes.isis2304.superAndes.negocio.SuperAndes] - Eliminando la promocion: 63
18:40:08,719 (AWT-EventQueue-0) INFO  [uniandes.isis2304.superAndes.negocio.SuperAndes] - Eliminando la promocion 
